<?xml version="1.0" encoding="UTF-8"?>
<!-- Generated by org.testng.reporters.JUnitReportReporter -->
<testsuite hostname="DESKTOP-BEI6JQ6" failures="0" tests="1" name="test.HomePageTest" time="20.398" errors="0" timestamp="2022-07-26T10:15:49 IST" skipped="0">
  <testcase classname="test.HomePageTest" name="SearchStockAndBuy" time="20.398"/>
  <system-out/>
</testsuite> <!-- test.HomePageTest -->
