<?xml version="1.0" encoding="UTF-8"?>
<!-- Generated by org.testng.reporters.JUnitReportReporter -->
<testsuite hostname="DESKTOP-BEI6JQ6" failures="0" tests="1" name="test.SignUpPageTest" time="12.633" errors="0" timestamp="2022-07-22T18:34:37 IST" skipped="0">
  <testcase classname="test.SignUpPageTest" name="SignUpStart" time="12.633"/>
  <system-out/>
</testsuite> <!-- test.SignUpPageTest -->
